<?xml version="1.0" encoding="UTF-8"?>
<testng-results ignored="0" total="3" passed="2" failed="1" skipped="0">
  <reporter-output>
  </reporter-output>
  <suite started-at="2025-05-05T12:31:10 IST" name="Default suite" finished-at="2025-05-05T12:32:00 IST" duration-ms="50023">
    <groups>
    </groups>
    <test started-at="2025-05-05T12:31:10 IST" name="Default test" finished-at="2025-05-05T12:32:00 IST" duration-ms="50023">
      <class name="com.comcast.crm.contacttest.CreateContactTest">
        <test-method is-config="true" signature="beforeSuite()[pri:0, instance:com.comcast.crm.contacttest.CreateContactTest@3857f613]" started-at="2025-05-05T12:31:10 IST" name="beforeSuite" finished-at="2025-05-05T12:31:10 IST" duration-ms="52" status="PASS">
          <reporter-output>
          </reporter-output>
        </test-method> <!-- beforeSuite -->
        <test-method is-config="true" signature="beforeClass()[pri:0, instance:com.comcast.crm.contacttest.CreateContactTest@3857f613]" started-at="2025-05-05T12:31:10 IST" name="beforeClass" finished-at="2025-05-05T12:31:12 IST" duration-ms="1979" status="PASS">
          <reporter-output>
          </reporter-output>
        </test-method> <!-- beforeClass -->
        <test-method is-config="true" signature="beforeMethod()[pri:0, instance:com.comcast.crm.contacttest.CreateContactTest@3857f613]" started-at="2025-05-05T12:31:12 IST" name="beforeMethod" finished-at="2025-05-05T12:31:15 IST" duration-ms="3288" status="PASS">
          <reporter-output>
          </reporter-output>
        </test-method> <!-- beforeMethod -->
        <test-method signature="createContactTest()[pri:0, instance:com.comcast.crm.contacttest.CreateContactTest@3857f613]" started-at="2025-05-05T12:31:15 IST" name="createContactTest" finished-at="2025-05-05T12:31:15 IST" duration-ms="56" status="FAIL">
          <exception class="java.lang.AssertionError">
            <message>
              <![CDATA[null]]>
            </message>
            <full-stacktrace>
              <![CDATA[java.lang.AssertionError: null
at org.testng.Assert.fail(Assert.java:111)
at org.testng.Assert.fail(Assert.java:116)
at com.comcast.crm.contacttest.CreateContactTest.createContactTest(CreateContactTest.java:31)
at java.base/jdk.internal.reflect.DirectMethodHandleAccessor.invoke(DirectMethodHandleAccessor.java:103)
at java.base/java.lang.reflect.Method.invoke(Method.java:580)
at org.testng.internal.invokers.MethodInvocationHelper.invokeMethod(MethodInvocationHelper.java:141)
at org.testng.internal.invokers.TestInvoker.invokeMethod(TestInvoker.java:687)
at org.testng.internal.invokers.TestInvoker.invokeTestMethod(TestInvoker.java:230)
at org.testng.internal.invokers.MethodRunner.runInSequence(MethodRunner.java:63)
at org.testng.internal.invokers.TestInvoker$MethodInvocationAgent.invoke(TestInvoker.java:995)
at org.testng.internal.invokers.TestInvoker.invokeTestMethods(TestInvoker.java:203)
at org.testng.internal.invokers.TestMethodWorker.invokeTestMethods(TestMethodWorker.java:154)
at org.testng.internal.invokers.TestMethodWorker.run(TestMethodWorker.java:134)
at java.base/java.util.ArrayList.forEach(ArrayList.java:1596)
at org.testng.TestRunner.privateRun(TestRunner.java:741)
at org.testng.TestRunner.run(TestRunner.java:616)
at org.testng.SuiteRunner.runTest(SuiteRunner.java:421)
at org.testng.SuiteRunner.runSequentially(SuiteRunner.java:413)
at org.testng.SuiteRunner.privateRun(SuiteRunner.java:373)
at org.testng.SuiteRunner.run(SuiteRunner.java:312)
at org.testng.SuiteRunnerWorker.runSuite(SuiteRunnerWorker.java:52)
at org.testng.SuiteRunnerWorker.run(SuiteRunnerWorker.java:95)
at org.testng.TestNG.runSuitesSequentially(TestNG.java:1274)
at org.testng.TestNG.runSuitesLocally(TestNG.java:1208)
at org.testng.TestNG.runSuites(TestNG.java:1112)
at org.testng.TestNG.run(TestNG.java:1079)
at org.testng.remote.AbstractRemoteTestNG.run(AbstractRemoteTestNG.java:115)
at org.testng.remote.RemoteTestNG.initAndRun(RemoteTestNG.java:293)
at org.testng.remote.RemoteTestNG.main(RemoteTestNG.java:91)
]]>
            </full-stacktrace>
          </exception> <!-- java.lang.AssertionError -->
          <reporter-output>
          </reporter-output>
        </test-method> <!-- createContactTest -->
        <test-method is-config="true" signature="afterMethod()[pri:0, instance:com.comcast.crm.contacttest.CreateContactTest@3857f613]" started-at="2025-05-05T12:31:16 IST" name="afterMethod" finished-at="2025-05-05T12:31:18 IST" duration-ms="2671" status="PASS">
          <reporter-output>
          </reporter-output>
        </test-method> <!-- afterMethod -->
        <test-method is-config="true" signature="beforeMethod()[pri:0, instance:com.comcast.crm.contacttest.CreateContactTest@3857f613]" started-at="2025-05-05T12:31:18 IST" name="beforeMethod" finished-at="2025-05-05T12:31:19 IST" duration-ms="658" status="PASS">
          <reporter-output>
          </reporter-output>
        </test-method> <!-- beforeMethod -->
        <test-method signature="createContactWithSupportDateTest()[pri:0, instance:com.comcast.crm.contacttest.CreateContactTest@3857f613]" started-at="2025-05-05T12:31:19 IST" name="createContactWithSupportDateTest" finished-at="2025-05-05T12:31:34 IST" duration-ms="15582" status="PASS">
          <reporter-output>
          </reporter-output>
        </test-method> <!-- createContactWithSupportDateTest -->
        <test-method is-config="true" signature="afterMethod()[pri:0, instance:com.comcast.crm.contacttest.CreateContactTest@3857f613]" started-at="2025-05-05T12:31:34 IST" name="afterMethod" finished-at="2025-05-05T12:31:36 IST" duration-ms="1120" status="PASS">
          <reporter-output>
          </reporter-output>
        </test-method> <!-- afterMethod -->
        <test-method is-config="true" signature="beforeMethod()[pri:0, instance:com.comcast.crm.contacttest.CreateContactTest@3857f613]" started-at="2025-05-05T12:31:36 IST" name="beforeMethod" finished-at="2025-05-05T12:31:38 IST" duration-ms="2253" status="PASS">
          <reporter-output>
          </reporter-output>
        </test-method> <!-- beforeMethod -->
        <test-method signature="createContactwithOrgTest()[pri:0, instance:com.comcast.crm.contacttest.CreateContactTest@3857f613]" started-at="2025-05-05T12:31:38 IST" name="createContactwithOrgTest" finished-at="2025-05-05T12:31:58 IST" duration-ms="20449" status="PASS">
          <reporter-output>
          </reporter-output>
        </test-method> <!-- createContactwithOrgTest -->
        <test-method is-config="true" signature="afterMethod()[pri:0, instance:com.comcast.crm.contacttest.CreateContactTest@3857f613]" started-at="2025-05-05T12:31:58 IST" name="afterMethod" finished-at="2025-05-05T12:32:00 IST" duration-ms="1247" status="PASS">
          <reporter-output>
          </reporter-output>
        </test-method> <!-- afterMethod -->
        <test-method is-config="true" signature="afterClass()[pri:0, instance:com.comcast.crm.contacttest.CreateContactTest@3857f613]" started-at="2025-05-05T12:32:00 IST" name="afterClass" finished-at="2025-05-05T12:32:00 IST" duration-ms="293" status="PASS">
          <reporter-output>
          </reporter-output>
        </test-method> <!-- afterClass -->
        <test-method is-config="true" signature="afterSuite()[pri:0, instance:com.comcast.crm.contacttest.CreateContactTest@3857f613]" started-at="2025-05-05T12:32:00 IST" name="afterSuite" finished-at="2025-05-05T12:32:00 IST" duration-ms="1" status="PASS">
          <reporter-output>
          </reporter-output>
        </test-method> <!-- afterSuite -->
      </class> <!-- com.comcast.crm.contacttest.CreateContactTest -->
    </test> <!-- Default test -->
  </suite> <!-- Default suite -->
</testng-results>
